<?xml version="1.0" ?>
<coverage version="7.14.3" timestamp="1782481172048" lines-valid="949" lines-covered="417" line-rate="0.4394" branches-valid="174" branches-covered="72" branch-rate="0.4138" complexity="0">
	<!-- Generated by coverage.py: https://coverage.readthedocs.io/en/7.14.3 -->
	<!-- Based on https://raw.githubusercontent.com/cobertura/web/master/htdocs/xml/coverage-04.dtd -->
	<sources>
		<source>/private/tmp/intensicare/src/intensicare</source>
	</sources>
	<packages>
		<package name="." line-rate="0.3041" branch-rate="0" complexity="0">
			<classes>
				<class name="__init__.py" filename="__init__.py" complexity="0" line-rate="1" branch-rate="1">
					<methods/>
					<lines>
						<line number="7" hits="1"/>
					</lines>
				</class>
				<class name="auth.py" filename="auth.py" complexity="0" line-rate="0" branch-rate="0">
					<methods/>
					<lines>
						<line number="3" hits="0"/>
						<line number="9" hits="0"/>
						<line number="16" hits="0"/>
						<line number="17" hits="0" branch="true" condition-coverage="0% (0/2)" missing-branches="18,24"/>
						<line number="18" hits="0"/>
						<line number="24" hits="0"/>
						<line number="25" hits="0" branch="true" condition-coverage="0% (0/2)" missing-branches="26,34"/>
						<line number="26" hits="0"/>
						<line number="34" hits="0"/>
						<line number="35" hits="0"/>
						<line number="39" hits="0"/>
						<line number="42" hits="0"/>
						<line number="44" hits="0" branch="true" condition-coverage="0% (0/2)" missing-branches="45,49"/>
						<line number="45" hits="0"/>
						<line number="49" hits="0"/>
					</lines>
				</class>
				<class name="config.py" filename="config.py" complexity="0" line-rate="0.88" branch-rate="0">
					<methods/>
					<lines>
						<line number="5" hits="1"/>
						<line number="6" hits="1"/>
						<line number="8" hits="1"/>
						<line number="9" hits="1"/>
						<line number="12" hits="1"/>
						<line number="15" hits="1"/>
						<line number="22" hits="1"/>
						<line number="23" hits="1"/>
						<line number="24" hits="1"/>
						<line number="25" hits="1"/>
						<line number="27" hits="1"/>
						<line number="28" hits="1"/>
						<line number="29" hits="1"/>
						<line number="30" hits="1"/>
						<line number="31" hits="1"/>
						<line number="33" hits="1"/>
						<line number="34" hits="1"/>
						<line number="35" hits="1"/>
						<line number="36" hits="1"/>
						<line number="37" hits="1"/>
						<line number="38" hits="1"/>
						<line number="39" hits="1"/>
						<line number="41" hits="1"/>
						<line number="42" hits="1"/>
						<line number="43" hits="1"/>
						<line number="44" hits="1"/>
						<line number="45" hits="1"/>
						<line number="47" hits="1"/>
						<line number="48" hits="1"/>
						<line number="49" hits="1"/>
						<line number="50" hits="0"/>
						<line number="51" hits="0"/>
						<line number="53" hits="1"/>
						<line number="54" hits="1"/>
						<line number="55" hits="1"/>
						<line number="56" hits="1"/>
						<line number="58" hits="1"/>
						<line number="59" hits="1"/>
						<line number="60" hits="1"/>
						<line number="61" hits="0"/>
						<line number="62" hits="0" branch="true" condition-coverage="0% (0/2)" missing-branches="63,64"/>
						<line number="63" hits="0"/>
						<line number="64" hits="0"/>
						<line number="67" hits="1"/>
						<line number="68" hits="1"/>
						<line number="69" hits="1"/>
						<line number="71" hits="1"/>
						<line number="72" hits="1"/>
						<line number="73" hits="1"/>
						<line number="76" hits="1"/>
					</lines>
				</class>
				<class name="main.py" filename="main.py" complexity="0" line-rate="0" branch-rate="1">
					<methods/>
					<lines>
						<line number="7" hits="0"/>
						<line number="8" hits="0"/>
						<line number="10" hits="0"/>
						<line number="11" hits="0"/>
						<line number="12" hits="0"/>
						<line number="14" hits="0"/>
						<line number="17" hits="0"/>
						<line number="18" hits="0"/>
						<line number="26" hits="0"/>
						<line number="27" hits="0"/>
						<line number="29" hits="0"/>
						<line number="30" hits="0"/>
						<line number="31" hits="0"/>
						<line number="33" hits="0"/>
						<line number="36" hits="0"/>
						<line number="38" hits="0"/>
						<line number="39" hits="0"/>
						<line number="42" hits="0"/>
						<line number="45" hits="0"/>
						<line number="55" hits="0"/>
						<line number="64" hits="0"/>
						<line number="65" hits="0"/>
						<line number="66" hits="0"/>
						<line number="75" hits="0"/>
						<line number="82" hits="0"/>
						<line number="83" hits="0"/>
						<line number="84" hits="0"/>
						<line number="85" hits="0"/>
						<line number="87" hits="0"/>
						<line number="90" hits="0"/>
					</lines>
				</class>
				<class name="schemas.py" filename="schemas.py" complexity="0" line-rate="0" branch-rate="1">
					<methods/>
					<lines>
						<line number="3" hits="0"/>
						<line number="4" hits="0"/>
						<line number="6" hits="0"/>
						<line number="13" hits="0"/>
						<line number="16" hits="0"/>
						<line number="17" hits="0"/>
						<line number="18" hits="0"/>
						<line number="19" hits="0"/>
						<line number="20" hits="0"/>
						<line number="21" hits="0"/>
						<line number="22" hits="0"/>
						<line number="23" hits="0"/>
						<line number="24" hits="0"/>
						<line number="25" hits="0"/>
						<line number="26" hits="0"/>
						<line number="27" hits="0"/>
						<line number="30" hits="0"/>
						<line number="33" hits="0"/>
						<line number="34" hits="0"/>
						<line number="35" hits="0"/>
						<line number="36" hits="0"/>
						<line number="39" hits="0"/>
						<line number="42" hits="0"/>
						<line number="43" hits="0"/>
						<line number="44" hits="0"/>
						<line number="45" hits="0"/>
						<line number="46" hits="0"/>
						<line number="53" hits="0"/>
						<line number="56" hits="0"/>
						<line number="57" hits="0"/>
						<line number="58" hits="0"/>
						<line number="59" hits="0"/>
						<line number="60" hits="0"/>
						<line number="61" hits="0"/>
						<line number="62" hits="0"/>
						<line number="63" hits="0"/>
						<line number="66" hits="0"/>
						<line number="69" hits="0"/>
						<line number="72" hits="0"/>
						<line number="75" hits="0"/>
						<line number="76" hits="0"/>
						<line number="77" hits="0"/>
						<line number="78" hits="0"/>
						<line number="79" hits="0"/>
						<line number="80" hits="0"/>
						<line number="81" hits="0"/>
						<line number="82" hits="0"/>
						<line number="85" hits="0"/>
						<line number="88" hits="0"/>
						<line number="89" hits="0"/>
						<line number="90" hits="0"/>
						<line number="92" hits="0"/>
					</lines>
				</class>
			</classes>
		</package>
		<package name="api" line-rate="0" branch-rate="0" complexity="0">
			<classes>
				<class name="__init__.py" filename="api/__init__.py" complexity="0" line-rate="0" branch-rate="1">
					<methods/>
					<lines>
						<line number="3" hits="0"/>
						<line number="4" hits="0"/>
						<line number="6" hits="0"/>
					</lines>
				</class>
				<class name="patients.py" filename="api/patients.py" complexity="0" line-rate="0" branch-rate="1">
					<methods/>
					<lines>
						<line number="7" hits="0"/>
						<line number="9" hits="0"/>
						<line number="10" hits="0"/>
						<line number="12" hits="0"/>
						<line number="13" hits="0"/>
						<line number="14" hits="0"/>
						<line number="16" hits="0"/>
						<line number="19" hits="0"/>
						<line number="33" hits="0"/>
						<line number="43" hits="0"/>
						<line number="44" hits="0"/>
						<line number="50" hits="0"/>
						<line number="51" hits="0"/>
						<line number="52" hits="0"/>
					</lines>
				</class>
				<class name="thresholds.py" filename="api/thresholds.py" complexity="0" line-rate="0" branch-rate="0">
					<methods/>
					<lines>
						<line number="3" hits="0"/>
						<line number="5" hits="0"/>
						<line number="6" hits="0"/>
						<line number="7" hits="0"/>
						<line number="9" hits="0"/>
						<line number="10" hits="0"/>
						<line number="11" hits="0"/>
						<line number="12" hits="0"/>
						<line number="18" hits="0"/>
						<line number="25" hits="0"/>
						<line number="29" hits="0"/>
						<line number="32" hits="0"/>
						<line number="33" hits="0" branch="true" condition-coverage="0% (0/2)" missing-branches="34,38"/>
						<line number="34" hits="0"/>
						<line number="38" hits="0"/>
						<line number="41" hits="0"/>
						<line number="46" hits="0"/>
						<line number="51" hits="0"/>
						<line number="52" hits="0" branch="true" condition-coverage="0% (0/2)" missing-branches="53,54"/>
						<line number="53" hits="0"/>
						<line number="54" hits="0"/>
						<line number="55" hits="0"/>
						<line number="56" hits="0"/>
						<line number="59" hits="0"/>
						<line number="64" hits="0"/>
						<line number="69" hits="0"/>
						<line number="72" hits="0"/>
						<line number="78" hits="0"/>
						<line number="84" hits="0"/>
						<line number="96" hits="0"/>
						<line number="97" hits="0"/>
						<line number="98" hits="0"/>
						<line number="99" hits="0"/>
						<line number="102" hits="0"/>
						<line number="107" hits="0"/>
						<line number="114" hits="0"/>
						<line number="116" hits="0"/>
						<line number="117" hits="0" branch="true" condition-coverage="0% (0/2)" missing-branches="118,120"/>
						<line number="118" hits="0"/>
						<line number="120" hits="0"/>
						<line number="121" hits="0"/>
						<line number="123" hits="0"/>
						<line number="124" hits="0"/>
						<line number="125" hits="0"/>
						<line number="128" hits="0"/>
						<line number="133" hits="0"/>
						<line number="139" hits="0"/>
						<line number="140" hits="0"/>
						<line number="141" hits="0"/>
					</lines>
				</class>
				<class name="vitals.py" filename="api/vitals.py" complexity="0" line-rate="0" branch-rate="1">
					<methods/>
					<lines>
						<line number="7" hits="0"/>
						<line number="9" hits="0"/>
						<line number="10" hits="0"/>
						<line number="12" hits="0"/>
						<line number="13" hits="0"/>
						<line number="14" hits="0"/>
						<line number="16" hits="0"/>
						<line number="19" hits="0"/>
						<line number="35" hits="0"/>
						<line number="46" hits="0"/>
						<line number="47" hits="0"/>
						<line number="52" hits="0"/>
						<line number="53" hits="0"/>
						<line number="54" hits="0"/>
					</lines>
				</class>
			</classes>
		</package>
		<package name="api.v1" line-rate="0" branch-rate="0" complexity="0">
			<classes>
				<class name="__init__.py" filename="api/v1/__init__.py" complexity="0" line-rate="0" branch-rate="1">
					<methods/>
					<lines>
						<line number="3" hits="0"/>
						<line number="4" hits="0"/>
						<line number="5" hits="0"/>
						<line number="6" hits="0"/>
						<line number="8" hits="0"/>
					</lines>
				</class>
				<class name="alerts.py" filename="api/v1/alerts.py" complexity="0" line-rate="0" branch-rate="0">
					<methods/>
					<lines>
						<line number="3" hits="0"/>
						<line number="5" hits="0"/>
						<line number="6" hits="0"/>
						<line number="7" hits="0"/>
						<line number="8" hits="0"/>
						<line number="10" hits="0"/>
						<line number="11" hits="0"/>
						<line number="12" hits="0"/>
						<line number="13" hits="0"/>
						<line number="15" hits="0"/>
						<line number="18" hits="0"/>
						<line number="21" hits="0"/>
						<line number="22" hits="0"/>
						<line number="23" hits="0"/>
						<line number="24" hits="0"/>
						<line number="25" hits="0"/>
						<line number="26" hits="0"/>
						<line number="27" hits="0"/>
						<line number="28" hits="0"/>
						<line number="29" hits="0"/>
						<line number="30" hits="0"/>
						<line number="31" hits="0"/>
						<line number="32" hits="0"/>
						<line number="34" hits="0"/>
						<line number="37" hits="0"/>
						<line number="40" hits="0"/>
						<line number="43" hits="0"/>
						<line number="44" hits="0"/>
						<line number="53" hits="0"/>
						<line number="55" hits="0" branch="true" condition-coverage="0% (0/2)" missing-branches="56,57"/>
						<line number="56" hits="0"/>
						<line number="57" hits="0" branch="true" condition-coverage="0% (0/2)" missing-branches="58,60"/>
						<line number="58" hits="0"/>
						<line number="60" hits="0"/>
						<line number="61" hits="0"/>
						<line number="62" hits="0"/>
						<line number="64" hits="0"/>
						<line number="83" hits="0"/>
						<line number="84" hits="0"/>
						<line number="91" hits="0"/>
						<line number="92" hits="0"/>
						<line number="94" hits="0" branch="true" condition-coverage="0% (0/2)" missing-branches="95,100"/>
						<line number="95" hits="0"/>
						<line number="100" hits="0" branch="true" condition-coverage="0% (0/2)" missing-branches="101,106"/>
						<line number="101" hits="0"/>
						<line number="106" hits="0"/>
						<line number="107" hits="0"/>
						<line number="108" hits="0"/>
						<line number="110" hits="0"/>
						<line number="111" hits="0"/>
						<line number="113" hits="0"/>
						<line number="129" hits="0"/>
						<line number="130" hits="0"/>
						<line number="135" hits="0"/>
						<line number="136" hits="0"/>
						<line number="138" hits="0" branch="true" condition-coverage="0% (0/2)" missing-branches="139,144"/>
						<line number="139" hits="0"/>
						<line number="144" hits="0"/>
					</lines>
				</class>
				<class name="auth.py" filename="api/v1/auth.py" complexity="0" line-rate="0" branch-rate="0">
					<methods/>
					<lines>
						<line number="3" hits="0"/>
						<line number="5" hits="0"/>
						<line number="6" hits="0"/>
						<line number="7" hits="0"/>
						<line number="8" hits="0"/>
						<line number="9" hits="0"/>
						<line number="11" hits="0"/>
						<line number="12" hits="0"/>
						<line number="13" hits="0"/>
						<line number="14" hits="0"/>
						<line number="15" hits="0"/>
						<line number="17" hits="0"/>
						<line number="18" hits="0"/>
						<line number="21" hits="0"/>
						<line number="24" hits="0"/>
						<line number="25" hits="0"/>
						<line number="28" hits="0"/>
						<line number="31" hits="0"/>
						<line number="32" hits="0"/>
						<line number="33" hits="0"/>
						<line number="34" hits="0"/>
						<line number="36" hits="0"/>
						<line number="37" hits="0"/>
						<line number="38" hits="0"/>
						<line number="39" hits="0" branch="true" condition-coverage="0% (0/2)" missing-branches="40,41"/>
						<line number="40" hits="0"/>
						<line number="41" hits="0"/>
						<line number="43" hits="0"/>
						<line number="44" hits="0"/>
						<line number="45" hits="0"/>
						<line number="46" hits="0" branch="true" condition-coverage="0% (0/2)" missing-branches="47,48"/>
						<line number="47" hits="0"/>
						<line number="48" hits="0"/>
						<line number="51" hits="0"/>
						<line number="54" hits="0"/>
						<line number="55" hits="0"/>
						<line number="56" hits="0"/>
						<line number="59" hits="0"/>
						<line number="62" hits="0"/>
						<line number="63" hits="0"/>
						<line number="64" hits="0"/>
						<line number="65" hits="0"/>
						<line number="66" hits="0"/>
						<line number="67" hits="0"/>
						<line number="70" hits="0"/>
						<line number="72" hits="0"/>
						<line number="75" hits="0"/>
						<line number="77" hits="0"/>
						<line number="80" hits="0"/>
						<line number="81" hits="0"/>
						<line number="83" hits="0"/>
						<line number="84" hits="0"/>
						<line number="86" hits="0" branch="true" condition-coverage="0% (0/2)" missing-branches="87,92"/>
						<line number="87" hits="0"/>
						<line number="92" hits="0" branch="true" condition-coverage="0% (0/2)" missing-branches="93,98"/>
						<line number="93" hits="0"/>
						<line number="98" hits="0"/>
						<line number="99" hits="0"/>
						<line number="100" hits="0"/>
						<line number="102" hits="0"/>
						<line number="105" hits="0"/>
						<line number="111" hits="0"/>
						<line number="114" hits="0"/>
						<line number="115" hits="0" branch="true" condition-coverage="0% (0/2)" missing-branches="116,122"/>
						<line number="116" hits="0"/>
						<line number="122" hits="0"/>
						<line number="123" hits="0" branch="true" condition-coverage="0% (0/2)" missing-branches="124,129"/>
						<line number="124" hits="0"/>
						<line number="129" hits="0"/>
						<line number="138" hits="0"/>
						<line number="139" hits="0"/>
						<line number="140" hits="0"/>
						<line number="142" hits="0"/>
						<line number="152" hits="0"/>
						<line number="153" hits="0"/>
						<line number="160" hits="0"/>
					</lines>
				</class>
			</classes>
		</package>
		<package name="auth" line-rate="0" branch-rate="0" complexity="0">
			<classes>
				<class name="__init__.py" filename="auth/__init__.py" complexity="0" line-rate="0" branch-rate="1">
					<methods/>
					<lines>
						<line number="3" hits="0"/>
						<line number="9" hits="0"/>
						<line number="11" hits="0"/>
					</lines>
				</class>
				<class name="dependencies.py" filename="auth/dependencies.py" complexity="0" line-rate="0" branch-rate="0">
					<methods/>
					<lines>
						<line number="3" hits="0"/>
						<line number="4" hits="0"/>
						<line number="5" hits="0"/>
						<line number="6" hits="0"/>
						<line number="8" hits="0"/>
						<line number="9" hits="0"/>
						<line number="10" hits="0"/>
						<line number="11" hits="0"/>
						<line number="13" hits="0"/>
						<line number="16" hits="0"/>
						<line number="21" hits="0"/>
						<line number="22" hits="0"/>
						<line number="25" hits="0" branch="true" condition-coverage="0% (0/2)" missing-branches="26,31"/>
						<line number="26" hits="0"/>
						<line number="31" hits="0"/>
						<line number="32" hits="0" branch="true" condition-coverage="0% (0/2)" missing-branches="33,38"/>
						<line number="33" hits="0"/>
						<line number="38" hits="0"/>
						<line number="39" hits="0" branch="true" condition-coverage="0% (0/2)" missing-branches="40,45"/>
						<line number="40" hits="0"/>
						<line number="45" hits="0"/>
						<line number="46" hits="0"/>
						<line number="48" hits="0" branch="true" condition-coverage="0% (0/2)" missing-branches="49,54"/>
						<line number="49" hits="0"/>
						<line number="54" hits="0"/>
						<line number="57" hits="0"/>
						<line number="61" hits="0" branch="true" condition-coverage="0% (0/2)" missing-branches="62,66"/>
						<line number="62" hits="0"/>
						<line number="66" hits="0"/>
					</lines>
				</class>
				<class name="jwt.py" filename="auth/jwt.py" complexity="0" line-rate="0" branch-rate="0">
					<methods/>
					<lines>
						<line number="3" hits="0"/>
						<line number="5" hits="0"/>
						<line number="7" hits="0"/>
						<line number="10" hits="0"/>
						<line number="12" hits="0"/>
						<line number="13" hits="0"/>
						<line number="14" hits="0"/>
						<line number="15" hits="0"/>
						<line number="16" hits="0"/>
						<line number="19" hits="0"/>
						<line number="21" hits="0"/>
						<line number="22" hits="0"/>
						<line number="23" hits="0"/>
						<line number="24" hits="0"/>
						<line number="25" hits="0"/>
						<line number="28" hits="0"/>
						<line number="30" hits="0"/>
						<line number="31" hits="0"/>
						<line number="32" hits="0"/>
						<line number="33" hits="0"/>
						<line number="34" hits="0"/>
						<line number="35" hits="0"/>
						<line number="38" hits="0"/>
						<line number="40" hits="0"/>
						<line number="41" hits="0" branch="true" condition-coverage="0% (0/2)" missing-branches="42,43"/>
						<line number="42" hits="0"/>
						<line number="43" hits="0"/>
						<line number="46" hits="0"/>
						<line number="48" hits="0"/>
					</lines>
				</class>
			</classes>
		</package>
		<package name="core" line-rate="0.4375" branch-rate="0.1667" complexity="0">
			<classes>
				<class name="__init__.py" filename="core/__init__.py" complexity="0" line-rate="1" branch-rate="1">
					<methods/>
					<lines/>
				</class>
				<class name="database.py" filename="core/database.py" complexity="0" line-rate="0.6667" branch-rate="0.5">
					<methods/>
					<lines>
						<line number="3" hits="1"/>
						<line number="5" hits="1"/>
						<line number="6" hits="1"/>
						<line number="8" hits="1"/>
						<line number="11" hits="1"/>
						<line number="15" hits="1"/>
						<line number="17" hits="1"/>
						<line number="28" hits="1"/>
						<line number="31" hits="1"/>
						<line number="34" hits="1" branch="true" condition-coverage="50% (1/2)" missing-branches="36"/>
						<line number="35" hits="1"/>
						<line number="36" hits="1"/>
						<line number="40" hits="1"/>
						<line number="47" hits="1"/>
						<line number="49" hits="0"/>
						<line number="50" hits="0"/>
						<line number="51" hits="0"/>
						<line number="52" hits="0"/>
						<line number="53" hits="0"/>
						<line number="54" hits="0"/>
						<line number="55" hits="0"/>
					</lines>
				</class>
				<class name="redis.py" filename="core/redis.py" complexity="0" line-rate="0" branch-rate="0">
					<methods/>
					<lines>
						<line number="3" hits="0"/>
						<line number="4" hits="0"/>
						<line number="6" hits="0"/>
						<line number="9" hits="0"/>
						<line number="12" hits="0" branch="true" condition-coverage="0% (0/2)" missing-branches="13,18"/>
						<line number="13" hits="0"/>
						<line number="18" hits="0"/>
						<line number="21" hits="0"/>
						<line number="24" hits="0" branch="true" condition-coverage="0% (0/2)" missing-branches="exit,25"/>
						<line number="25" hits="0"/>
						<line number="26" hits="0"/>
					</lines>
				</class>
			</classes>
		</package>
		<package name="models" line-rate="1" branch-rate="1" complexity="0">
			<classes>
				<class name="__init__.py" filename="models/__init__.py" complexity="0" line-rate="1" branch-rate="1">
					<methods/>
					<lines>
						<line number="3" hits="1"/>
						<line number="4" hits="1"/>
						<line number="5" hits="1"/>
						<line number="6" hits="1"/>
						<line number="7" hits="1"/>
						<line number="8" hits="1"/>
						<line number="10" hits="1"/>
					</lines>
				</class>
				<class name="alert.py" filename="models/alert.py" complexity="0" line-rate="1" branch-rate="1">
					<methods/>
					<lines>
						<line number="3" hits="1"/>
						<line number="5" hits="1"/>
						<line number="6" hits="1"/>
						<line number="8" hits="1"/>
						<line number="11" hits="1"/>
						<line number="14" hits="1"/>
						<line number="16" hits="1"/>
						<line number="17" hits="1"/>
						<line number="18" hits="1"/>
						<line number="19" hits="1"/>
						<line number="20" hits="1"/>
						<line number="21" hits="1"/>
						<line number="22" hits="1"/>
						<line number="23" hits="1"/>
						<line number="26" hits="1"/>
						<line number="27" hits="1"/>
						<line number="28" hits="1"/>
						<line number="29" hits="1"/>
					</lines>
				</class>
				<class name="clinical_score.py" filename="models/clinical_score.py" complexity="0" line-rate="1" branch-rate="1">
					<methods/>
					<lines>
						<line number="3" hits="1"/>
						<line number="5" hits="1"/>
						<line number="6" hits="1"/>
						<line number="7" hits="1"/>
						<line number="9" hits="1"/>
						<line number="12" hits="1"/>
						<line number="15" hits="1"/>
						<line number="17" hits="1"/>
						<line number="18" hits="1"/>
						<line number="19" hits="1"/>
						<line number="20" hits="1"/>
						<line number="21" hits="1"/>
						<line number="22" hits="1"/>
						<line number="25" hits="1"/>
						<line number="26" hits="1"/>
						<line number="27" hits="1"/>
						<line number="28" hits="1"/>
					</lines>
				</class>
				<class name="patient_cache.py" filename="models/patient_cache.py" complexity="0" line-rate="1" branch-rate="1">
					<methods/>
					<lines>
						<line number="3" hits="1"/>
						<line number="5" hits="1"/>
						<line number="6" hits="1"/>
						<line number="8" hits="1"/>
						<line number="11" hits="1"/>
						<line number="14" hits="1"/>
						<line number="16" hits="1"/>
						<line number="17" hits="1"/>
						<line number="18" hits="1"/>
						<line number="19" hits="1"/>
						<line number="20" hits="1"/>
						<line number="21" hits="1"/>
						<line number="22" hits="1"/>
						<line number="23" hits="1"/>
						<line number="24" hits="1"/>
						<line number="25" hits="1"/>
						<line number="26" hits="1"/>
					</lines>
				</class>
				<class name="threshold_config.py" filename="models/threshold_config.py" complexity="0" line-rate="1" branch-rate="1">
					<methods/>
					<lines>
						<line number="3" hits="1"/>
						<line number="5" hits="1"/>
						<line number="6" hits="1"/>
						<line number="8" hits="1"/>
						<line number="11" hits="1"/>
						<line number="14" hits="1"/>
						<line number="16" hits="1"/>
						<line number="17" hits="1"/>
						<line number="18" hits="1"/>
						<line number="19" hits="1"/>
						<line number="20" hits="1"/>
						<line number="21" hits="1"/>
						<line number="22" hits="1"/>
						<line number="23" hits="1"/>
						<line number="24" hits="1"/>
						<line number="25" hits="1"/>
						<line number="26" hits="1"/>
					</lines>
				</class>
				<class name="user.py" filename="models/user.py" complexity="0" line-rate="1" branch-rate="1">
					<methods/>
					<lines>
						<line number="3" hits="1"/>
						<line number="5" hits="1"/>
						<line number="6" hits="1"/>
						<line number="8" hits="1"/>
						<line number="11" hits="1"/>
						<line number="14" hits="1"/>
						<line number="16" hits="1"/>
						<line number="17" hits="1"/>
						<line number="18" hits="1"/>
						<line number="19" hits="1"/>
						<line number="20" hits="1"/>
						<line number="21" hits="1"/>
						<line number="22" hits="1"/>
						<line number="23" hits="1"/>
					</lines>
				</class>
				<class name="vital_sign.py" filename="models/vital_sign.py" complexity="0" line-rate="1" branch-rate="1">
					<methods/>
					<lines>
						<line number="3" hits="1"/>
						<line number="5" hits="1"/>
						<line number="6" hits="1"/>
						<line number="8" hits="1"/>
						<line number="11" hits="1"/>
						<line number="14" hits="1"/>
						<line number="16" hits="1"/>
						<line number="17" hits="1"/>
						<line number="18" hits="1"/>
						<line number="21" hits="1"/>
						<line number="22" hits="1"/>
						<line number="23" hits="1"/>
						<line number="24" hits="1"/>
						<line number="25" hits="1"/>
						<line number="26" hits="1"/>
						<line number="27" hits="1"/>
						<line number="28" hits="1"/>
						<line number="29" hits="1"/>
						<line number="30" hits="1"/>
					</lines>
				</class>
			</classes>
		</package>
		<package name="schemas" line-rate="0.9155" branch-rate="0" complexity="0">
			<classes>
				<class name="__init__.py" filename="schemas/__init__.py" complexity="0" line-rate="1" branch-rate="1">
					<methods/>
					<lines>
						<line number="3" hits="1"/>
						<line number="7" hits="1"/>
						<line number="14" hits="1"/>
					</lines>
				</class>
				<class name="patients.py" filename="schemas/patients.py" complexity="0" line-rate="1" branch-rate="1">
					<methods/>
					<lines>
						<line number="3" hits="1"/>
						<line number="5" hits="1"/>
						<line number="7" hits="1"/>
						<line number="10" hits="1"/>
						<line number="13" hits="1"/>
						<line number="14" hits="1"/>
						<line number="15" hits="1"/>
						<line number="16" hits="1"/>
						<line number="17" hits="1"/>
						<line number="18" hits="1"/>
						<line number="19" hits="1"/>
						<line number="20" hits="1"/>
						<line number="21" hits="1"/>
						<line number="22" hits="1"/>
						<line number="24" hits="1"/>
						<line number="27" hits="1"/>
						<line number="30" hits="1"/>
						<line number="31" hits="1"/>
						<line number="32" hits="1"/>
						<line number="33" hits="1"/>
						<line number="34" hits="1"/>
						<line number="35" hits="1"/>
						<line number="36" hits="1"/>
						<line number="38" hits="1"/>
						<line number="41" hits="1"/>
						<line number="44" hits="1"/>
						<line number="48" hits="1"/>
						<line number="53" hits="1"/>
						<line number="56" hits="1"/>
						<line number="57" hits="1"/>
						<line number="60" hits="1"/>
						<line number="63" hits="1"/>
						<line number="67" hits="1"/>
						<line number="71" hits="1"/>
					</lines>
				</class>
				<class name="vitals.py" filename="schemas/vitals.py" complexity="0" line-rate="0.8235" branch-rate="0">
					<methods/>
					<lines>
						<line number="3" hits="1"/>
						<line number="5" hits="1"/>
						<line number="6" hits="1"/>
						<line number="8" hits="1"/>
						<line number="11" hits="1"/>
						<line number="14" hits="1"/>
						<line number="20" hits="1"/>
						<line number="26" hits="1"/>
						<line number="30" hits="1"/>
						<line number="33" hits="1"/>
						<line number="36" hits="1"/>
						<line number="39" hits="1"/>
						<line number="42" hits="1"/>
						<line number="45" hits="1"/>
						<line number="48" hits="1"/>
						<line number="53" hits="1"/>
						<line number="56" hits="1"/>
						<line number="60" hits="1"/>
						<line number="61" hits="1"/>
						<line number="62" hits="1"/>
						<line number="64" hits="0" branch="true" condition-coverage="0% (0/2)" missing-branches="65,66"/>
						<line number="65" hits="0"/>
						<line number="66" hits="0"/>
						<line number="67" hits="0" branch="true" condition-coverage="0% (0/2)" missing-branches="68,71"/>
						<line number="68" hits="0"/>
						<line number="71" hits="0"/>
						<line number="74" hits="1"/>
						<line number="77" hits="1"/>
						<line number="78" hits="1"/>
						<line number="79" hits="1"/>
						<line number="80" hits="1"/>
						<line number="81" hits="1"/>
						<line number="84" hits="1"/>
						<line number="89" hits="1"/>
					</lines>
				</class>
			</classes>
		</package>
		<package name="services" line-rate="0.5955" branch-rate="0.6121" complexity="0">
			<classes>
				<class name="__init__.py" filename="services/__init__.py" complexity="0" line-rate="1" branch-rate="1">
					<methods/>
					<lines>
						<line number="3" hits="1"/>
						<line number="4" hits="1"/>
						<line number="9" hits="1"/>
						<line number="11" hits="1"/>
					</lines>
				</class>
				<class name="alert_engine.py" filename="services/alert_engine.py" complexity="0" line-rate="0" branch-rate="0">
					<methods/>
					<lines>
						<line number="3" hits="0"/>
						<line number="5" hits="0"/>
						<line number="6" hits="0"/>
						<line number="8" hits="0"/>
						<line number="9" hits="0"/>
						<line number="10" hits="0"/>
						<line number="11" hits="0"/>
						<line number="12" hits="0"/>
						<line number="15" hits="0"/>
						<line number="27" hits="0"/>
						<line number="33" hits="0" branch="true" condition-coverage="0% (0/2)" missing-branches="34,39"/>
						<line number="34" hits="0"/>
						<line number="37" hits="0"/>
						<line number="39" hits="0" branch="true" condition-coverage="0% (0/2)" missing-branches="40,45"/>
						<line number="40" hits="0"/>
						<line number="43" hits="0"/>
						<line number="45" hits="0" branch="true" condition-coverage="0% (0/2)" missing-branches="47,50"/>
						<line number="47" hits="0"/>
						<line number="50" hits="0"/>
						<line number="51" hits="0"/>
						<line number="53" hits="0" branch="true" condition-coverage="0% (0/2)" missing-branches="54,55"/>
						<line number="54" hits="0"/>
						<line number="55" hits="0" branch="true" condition-coverage="0% (0/2)" missing-branches="56,57"/>
						<line number="56" hits="0"/>
						<line number="57" hits="0" branch="true" condition-coverage="0% (0/2)" missing-branches="58,60"/>
						<line number="58" hits="0"/>
						<line number="60" hits="0" branch="true" condition-coverage="0% (0/2)" missing-branches="61,64"/>
						<line number="61" hits="0"/>
						<line number="64" hits="0"/>
						<line number="65" hits="0"/>
						<line number="66" hits="0"/>
						<line number="68" hits="0"/>
						<line number="69" hits="0" branch="true" condition-coverage="0% (0/2)" missing-branches="70,73"/>
						<line number="70" hits="0"/>
						<line number="73" hits="0" branch="true" condition-coverage="0% (0/2)" missing-branches="74,79"/>
						<line number="74" hits="0"/>
						<line number="75" hits="0" branch="true" condition-coverage="0% (0/2)" missing-branches="76,79"/>
						<line number="76" hits="0"/>
						<line number="79" hits="0"/>
						<line number="80" hits="0"/>
						<line number="86" hits="0"/>
						<line number="95" hits="0"/>
						<line number="96" hits="0"/>
						<line number="99" hits="0"/>
						<line number="100" hits="0"/>
						<line number="101" hits="0"/>
						<line number="102" hits="0" branch="true" condition-coverage="0% (0/2)" missing-branches="103,105"/>
						<line number="103" hits="0"/>
						<line number="104" hits="0"/>
						<line number="105" hits="0"/>
						<line number="107" hits="0"/>
						<line number="110" hits="0"/>
						<line number="116" hits="0"/>
						<line number="119" hits="0"/>
						<line number="121" hits="0" branch="true" condition-coverage="0% (0/2)" missing-branches="122,124"/>
						<line number="122" hits="0"/>
						<line number="124" hits="0"/>
					</lines>
				</class>
				<class name="mews.py" filename="services/mews.py" complexity="0" line-rate="1" branch-rate="1">
					<methods/>
					<lines>
						<line number="15" hits="1"/>
						<line number="17" hits="1"/>
						<line number="19" hits="1"/>
						<line number="22" hits="1"/>
						<line number="32" hits="1" branch="true" condition-coverage="100% (2/2)"/>
						<line number="33" hits="1"/>
						<line number="34" hits="1" branch="true" condition-coverage="100% (2/2)"/>
						<line number="35" hits="1"/>
						<line number="36" hits="1" branch="true" condition-coverage="100% (2/2)"/>
						<line number="37" hits="1"/>
						<line number="38" hits="1" branch="true" condition-coverage="100% (2/2)"/>
						<line number="39" hits="1"/>
						<line number="40" hits="1" branch="true" condition-coverage="100% (2/2)"/>
						<line number="41" hits="1"/>
						<line number="42" hits="1" branch="true" condition-coverage="100% (2/2)"/>
						<line number="43" hits="1"/>
						<line number="45" hits="1"/>
						<line number="46" hits="1"/>
						<line number="49" hits="1"/>
						<line number="58" hits="1" branch="true" condition-coverage="100% (2/2)"/>
						<line number="59" hits="1"/>
						<line number="60" hits="1" branch="true" condition-coverage="100% (2/2)"/>
						<line number="61" hits="1"/>
						<line number="62" hits="1" branch="true" condition-coverage="100% (2/2)"/>
						<line number="63" hits="1"/>
						<line number="64" hits="1" branch="true" condition-coverage="100% (2/2)"/>
						<line number="65" hits="1"/>
						<line number="66" hits="1" branch="true" condition-coverage="100% (2/2)"/>
						<line number="67" hits="1"/>
						<line number="69" hits="1"/>
						<line number="70" hits="1"/>
						<line number="73" hits="1"/>
						<line number="82" hits="1" branch="true" condition-coverage="100% (2/2)"/>
						<line number="83" hits="1"/>
						<line number="84" hits="1" branch="true" condition-coverage="100% (2/2)"/>
						<line number="85" hits="1"/>
						<line number="86" hits="1" branch="true" condition-coverage="100% (2/2)"/>
						<line number="87" hits="1"/>
						<line number="88" hits="1" branch="true" condition-coverage="100% (2/2)"/>
						<line number="89" hits="1"/>
						<line number="90" hits="1" branch="true" condition-coverage="100% (2/2)"/>
						<line number="91" hits="1"/>
						<line number="93" hits="1"/>
						<line number="94" hits="1"/>
						<line number="97" hits="1"/>
						<line number="106" hits="1" branch="true" condition-coverage="100% (2/2)"/>
						<line number="107" hits="1"/>
						<line number="108" hits="1" branch="true" condition-coverage="100% (2/2)"/>
						<line number="109" hits="1"/>
						<line number="110" hits="1" branch="true" condition-coverage="100% (2/2)"/>
						<line number="111" hits="1"/>
						<line number="112" hits="1" branch="true" condition-coverage="100% (2/2)"/>
						<line number="113" hits="1"/>
						<line number="114" hits="1" branch="true" condition-coverage="100% (2/2)"/>
						<line number="115" hits="1"/>
						<line number="117" hits="1"/>
						<line number="118" hits="1"/>
						<line number="121" hits="1"/>
						<line number="129" hits="1" branch="true" condition-coverage="100% (2/2)"/>
						<line number="130" hits="1"/>
						<line number="132" hits="1"/>
						<line number="133" hits="1"/>
						<line number="134" hits="1"/>
						<line number="135" hits="1"/>
						<line number="138" hits="1"/>
						<line number="163" hits="1"/>
						<line number="165" hits="1"/>
						<line number="166" hits="1"/>
						<line number="167" hits="1"/>
						<line number="168" hits="1"/>
						<line number="169" hits="1"/>
						<line number="171" hits="1"/>
						<line number="172" hits="1"/>
						<line number="173" hits="1"/>
						<line number="174" hits="1"/>
						<line number="175" hits="1"/>
						<line number="178" hits="1"/>
						<line number="179" hits="1" branch="true" condition-coverage="100% (2/2)"/>
						<line number="180" hits="1"/>
						<line number="183" hits="1"/>
						<line number="184" hits="1" branch="true" condition-coverage="100% (2/2)"/>
						<line number="185" hits="1"/>
						<line number="188" hits="1"/>
						<line number="196" hits="1"/>
						<line number="199" hits="1"/>
						<line number="210" hits="1" branch="true" condition-coverage="100% (2/2)"/>
						<line number="211" hits="1"/>
						<line number="212" hits="1"/>
						<line number="213" hits="1" branch="true" condition-coverage="100% (2/2)"/>
						<line number="214" hits="1"/>
						<line number="215" hits="1" branch="true" condition-coverage="100% (2/2)"/>
						<line number="216" hits="1"/>
						<line number="218" hits="1"/>
					</lines>
				</class>
				<class name="news2.py" filename="services/news2.py" complexity="0" line-rate="0.9836" branch-rate="0.9444">
					<methods/>
					<lines>
						<line number="6" hits="1"/>
						<line number="9" hits="1"/>
						<line number="10" hits="1"/>
						<line number="13" hits="1"/>
						<line number="14" hits="1"/>
						<line number="15" hits="1"/>
						<line number="16" hits="1"/>
						<line number="17" hits="1"/>
						<line number="18" hits="1"/>
						<line number="19" hits="1"/>
						<line number="22" hits="1"/>
						<line number="23" hits="1"/>
						<line number="26" hits="1"/>
						<line number="27" hits="1"/>
						<line number="28" hits="1"/>
						<line number="30" hits="1"/>
						<line number="31" hits="1"/>
						<line number="33" hits="1" branch="true" condition-coverage="100% (2/2)"/>
						<line number="34" hits="1"/>
						<line number="35" hits="1" branch="true" condition-coverage="100% (2/2)"/>
						<line number="36" hits="1"/>
						<line number="37" hits="1"/>
						<line number="39" hits="1"/>
						<line number="40" hits="1"/>
						<line number="42" hits="1"/>
						<line number="54" hits="1"/>
						<line number="60" hits="1" branch="true" condition-coverage="100% (2/2)"/>
						<line number="61" hits="1"/>
						<line number="63" hits="1" branch="true" condition-coverage="50% (1/2)" missing-branches="69"/>
						<line number="64" hits="1"/>
						<line number="65" hits="1"/>
						<line number="66" hits="1" branch="true" condition-coverage="100% (2/2)"/>
						<line number="67" hits="1"/>
						<line number="69" hits="0"/>
						<line number="72" hits="1"/>
						<line number="77" hits="1"/>
						<line number="86" hits="1"/>
						<line number="92" hits="1" branch="true" condition-coverage="100% (2/2)"/>
						<line number="93" hits="1"/>
						<line number="95" hits="1" branch="true" condition-coverage="100% (2/2)"/>
						<line number="96" hits="1"/>
						<line number="104" hits="1"/>
						<line number="112" hits="1"/>
						<line number="114" hits="1"/>
						<line number="117" hits="1"/>
						<line number="122" hits="1"/>
						<line number="131" hits="1"/>
						<line number="136" hits="1"/>
						<line number="146" hits="1"/>
						<line number="152" hits="1" branch="true" condition-coverage="100% (2/2)"/>
						<line number="153" hits="1"/>
						<line number="154" hits="1"/>
						<line number="155" hits="1" branch="true" condition-coverage="100% (2/2)"/>
						<line number="156" hits="1"/>
						<line number="157" hits="1"/>
						<line number="160" hits="1"/>
						<line number="165" hits="1"/>
						<line number="174" hits="1"/>
						<line number="200" hits="1"/>
						<line number="210" hits="1"/>
						<line number="220" hits="1"/>
					</lines>
				</class>
				<class name="patients.py" filename="services/patients.py" complexity="0" line-rate="0.2692" branch-rate="0">
					<methods/>
					<lines>
						<line number="8" hits="1"/>
						<line number="10" hits="1"/>
						<line number="11" hits="1"/>
						<line number="13" hits="1"/>
						<line number="14" hits="1"/>
						<line number="20" hits="1"/>
						<line number="23" hits="1"/>
						<line number="44" hits="0"/>
						<line number="50" hits="0"/>
						<line number="51" hits="0"/>
						<line number="54" hits="0"/>
						<line number="63" hits="0"/>
						<line number="64" hits="0"/>
						<line number="67" hits="0"/>
						<line number="76" hits="0"/>
						<line number="77" hits="0"/>
						<line number="79" hits="0"/>
						<line number="81" hits="0"/>
						<line number="84" hits="0"/>
						<line number="85" hits="0" branch="true" condition-coverage="0% (0/2)" missing-branches="86,87"/>
						<line number="86" hits="0"/>
						<line number="87" hits="0" branch="true" condition-coverage="0% (0/2)" missing-branches="88,89"/>
						<line number="88" hits="0"/>
						<line number="89" hits="0" branch="true" condition-coverage="0% (0/2)" missing-branches="90,92"/>
						<line number="90" hits="0"/>
						<line number="92" hits="0"/>
					</lines>
				</class>
				<class name="vitals.py" filename="services/vitals.py" complexity="0" line-rate="0.2941" branch-rate="0">
					<methods/>
					<lines>
						<line number="11" hits="1"/>
						<line number="13" hits="1"/>
						<line number="14" hits="1"/>
						<line number="16" hits="1"/>
						<line number="17" hits="1"/>
						<line number="19" hits="1"/>
						<line number="20" hits="1"/>
						<line number="21" hits="1"/>
						<line number="24" hits="1"/>
						<line number="31" hits="1"/>
						<line number="32" hits="1"/>
						<line number="34" hits="1"/>
						<line number="36" hits="0"/>
						<line number="38" hits="1"/>
						<line number="40" hits="0"/>
						<line number="42" hits="1"/>
						<line number="44" hits="0"/>
						<line number="46" hits="1"/>
						<line number="48" hits="0"/>
						<line number="52" hits="1"/>
						<line number="55" hits="1"/>
						<line number="57" hits="0"/>
						<line number="60" hits="1"/>
						<line number="74" hits="0"/>
						<line number="84" hits="0"/>
						<line number="85" hits="0"/>
						<line number="86" hits="0" branch="true" condition-coverage="0% (0/2)" missing-branches="87,88"/>
						<line number="87" hits="0"/>
						<line number="88" hits="0"/>
						<line number="91" hits="1"/>
						<line number="113" hits="0"/>
						<line number="116" hits="0" branch="true" condition-coverage="0% (0/2)" missing-branches="117,134"/>
						<line number="117" hits="0"/>
						<line number="119" hits="0"/>
						<line number="120" hits="0"/>
						<line number="121" hits="0"/>
						<line number="122" hits="0" branch="true" condition-coverage="0% (0/2)" missing-branches="123,134"/>
						<line number="123" hits="0"/>
						<line number="124" hits="0"/>
						<line number="134" hits="0"/>
						<line number="135" hits="0"/>
						<line number="149" hits="0"/>
						<line number="150" hits="0"/>
						<line number="153" hits="0"/>
						<line number="156" hits="0"/>
						<line number="165" hits="0"/>
						<line number="166" hits="0"/>
						<line number="167" hits="0"/>
						<line number="168" hits="0" branch="true" condition-coverage="0% (0/2)" missing-branches="169,178"/>
						<line number="169" hits="0"/>
						<line number="170" hits="0" branch="true" condition-coverage="0% (0/2)" missing-branches="171,172"/>
						<line number="171" hits="0"/>
						<line number="172" hits="0" branch="true" condition-coverage="0% (0/2)" missing-branches="173,175"/>
						<line number="173" hits="0"/>
						<line number="175" hits="0"/>
						<line number="178" hits="0"/>
						<line number="179" hits="0"/>
						<line number="182" hits="0"/>
						<line number="193" hits="0"/>
						<line number="194" hits="0"/>
						<line number="197" hits="0" branch="true" condition-coverage="0% (0/2)" missing-branches="198,200"/>
						<line number="198" hits="0"/>
						<line number="200" hits="0"/>
						<line number="210" hits="1"/>
						<line number="212" hits="0"/>
						<line number="216" hits="0"/>
						<line number="217" hits="0"/>
						<line number="218" hits="0"/>
					</lines>
				</class>
			</classes>
		</package>
	</packages>
</coverage>
